This file contains any messages produced by compilers while
running configure, to aid debugging if configure makes a mistake.

It was created by yast2-gtk configure 2.15.9, which was
generated by GNU Autoconf 2.61.  Invocation command line was

  $ ./configure --prefix=/usr --libdir=/usr/lib

## --------- ##
## Platform. ##
## --------- ##

hostname = adelia
uname -m = i686
uname -r = 2.6.22.12-0.1-default
uname -s = Linux
uname -v = #1 SMP 2007/11/06 23:05:18 UTC

/usr/bin/uname -p = unknown
/bin/uname -X     = unknown

/bin/arch              = i686
/usr/bin/arch -k       = unknown
/usr/convex/getsysinfo = unknown
/usr/bin/hostinfo      = unknown
/bin/machine           = unknown
/usr/bin/oslevel       = unknown
/bin/universe          = unknown

PATH: /usr/local/bin
PATH: /usr/bin
PATH: /bin
PATH: /usr/bin/X11
PATH: /usr/X11R6/bin
PATH: /usr/games
PATH: /opt/kde3/bin
PATH: /usr/lib/jvm/jre/bin
PATH: /usr/lib/mit/bin
PATH: /usr/lib/mit/sbin


## ----------- ##
## Core tests. ##
## ----------- ##

configure:2035: checking build system type
configure:2053: result: i686-suse-linux-gnu
configure:2075: checking host system type
configure:2090: result: i686-suse-linux-gnu
configure:2112: checking target system type
configure:2127: result: i686-suse-linux-gnu
configure:2186: checking for a BSD-compatible install
configure:2242: result: /usr/bin/install -c
configure:2253: checking whether build environment is sane
configure:2296: result: yes
configure:2311: checking for a thread-safe mkdir -p
configure:2350: result: /bin/mkdir -p
configure:2363: checking for gawk
configure:2379: found /usr/bin/gawk
configure:2390: result: gawk
configure:2401: checking whether make sets $(MAKE)
configure:2422: result: yes
configure:2605: checking how to create a ustar tar archive
configure:2618: tar --version
tar (GNU tar) 1.17
Copyright (C) 2007 Free Software Foundation, Inc.
License GPLv2+: GNU GPL version 2 or later <http://gnu.org/licenses/gpl.html>
This is free software: you are free to change and redistribute it.
There is NO WARRANTY, to the extent permitted by law.

Written by John Gilmore and Jay Fenlason.
configure:2621: $? = 0
configure:2661: tardir=conftest.dir && eval tar --format=ustar -chf - "$tardir" >conftest.tar
configure:2664: $? = 0
configure:2668: tar -xf - <conftest.tar
configure:2671: $? = 0
configure:2684: result: gnutar
configure:2781: checking for a BSD-compatible install
configure:2837: result: /usr/bin/install -c
configure:2849: checking whether ln -s works
configure:2853: result: yes
configure:2860: checking whether make sets $(MAKE)
configure:2881: result: yes
configure:2895: checking for xgettext
configure:2913: found /usr/bin/xgettext
configure:2925: result: /usr/bin/xgettext
configure:2977: checking for ydoxygen
configure:2996: found /usr/lib/YaST2/bin/ydoxygen
configure:3009: result: /usr/lib/YaST2/bin/ydoxygen
configure:3081: checking for g++
configure:3097: found /usr/bin/g++
configure:3108: result: g++
configure:3139: checking for C++ compiler version
configure:3146: g++ --version >&5
g++ (GCC) 4.2.1 (SUSE Linux)
Copyright (C) 2007 Free Software Foundation, Inc.
This is free software; see the source for copying conditions.  There is NO
warranty; not even for MERCHANTABILITY or FITNESS FOR A PARTICULAR PURPOSE.

configure:3149: $? = 0
configure:3156: g++ -v >&5
Using built-in specs.
Target: i586-suse-linux
Configured with: ../configure --enable-threads=posix --prefix=/usr --with-local-prefix=/usr/local --infodir=/usr/share/info --mandir=/usr/share/man --libdir=/usr/lib --libexecdir=/usr/lib --enable-languages=c,c++,objc,fortran,obj-c++,java,ada --enable-checking=release --with-gxx-include-dir=/usr/include/c++/4.2.1 --enable-ssp --disable-libssp --disable-libgcj --with-slibdir=/lib --with-system-zlib --enable-shared --enable-__cxa_atexit --enable-libstdcxx-allocator=new --disable-libstdcxx-pch --program-suffix=-4.2 --enable-version-specific-runtime-libs --without-system-libunwind --with-cpu=generic --host=i586-suse-linux
Thread model: posix
gcc version 4.2.1 (SUSE Linux)
configure:3159: $? = 0
configure:3166: g++ -V >&5
g++: '-V' option must have argument
configure:3169: $? = 1
configure:3192: checking for C++ compiler default output file name
configure:3219: g++    conftest.cpp  >&5
configure:3222: $? = 0
configure:3260: result: a.out
configure:3277: checking whether the C++ compiler works
configure:3287: ./a.out
configure:3290: $? = 0
configure:3307: result: yes
configure:3314: checking whether we are cross compiling
configure:3316: result: no
configure:3319: checking for suffix of executables
configure:3326: g++ -o conftest    conftest.cpp  >&5
configure:3329: $? = 0
configure:3353: result: 
configure:3359: checking for suffix of object files
configure:3385: g++ -c   conftest.cpp >&5
configure:3388: $? = 0
configure:3411: result: o
configure:3415: checking whether we are using the GNU C++ compiler
configure:3444: g++ -c   conftest.cpp >&5
configure:3450: $? = 0
configure:3467: result: yes
configure:3472: checking whether g++ accepts -g
configure:3502: g++ -c -g  conftest.cpp >&5
configure:3508: $? = 0
configure:3607: result: yes
configure:3641: checking for style of include used by make
configure:3669: result: GNU
configure:3694: checking dependency style of g++
configure:3785: result: gcc3
configure:3804: checking for gawk
configure:3831: result: gawk
configure:3890: checking for gcc
configure:3906: found /usr/bin/gcc
configure:3917: result: gcc
configure:4155: checking for C compiler version
configure:4162: gcc --version >&5
gcc (GCC) 4.2.1 (SUSE Linux)
Copyright (C) 2007 Free Software Foundation, Inc.
This is free software; see the source for copying conditions.  There is NO
warranty; not even for MERCHANTABILITY or FITNESS FOR A PARTICULAR PURPOSE.

configure:4165: $? = 0
configure:4172: gcc -v >&5
Using built-in specs.
Target: i586-suse-linux
Configured with: ../configure --enable-threads=posix --prefix=/usr --with-local-prefix=/usr/local --infodir=/usr/share/info --mandir=/usr/share/man --libdir=/usr/lib --libexecdir=/usr/lib --enable-languages=c,c++,objc,fortran,obj-c++,java,ada --enable-checking=release --with-gxx-include-dir=/usr/include/c++/4.2.1 --enable-ssp --disable-libssp --disable-libgcj --with-slibdir=/lib --with-system-zlib --enable-shared --enable-__cxa_atexit --enable-libstdcxx-allocator=new --disable-libstdcxx-pch --program-suffix=-4.2 --enable-version-specific-runtime-libs --without-system-libunwind --with-cpu=generic --host=i586-suse-linux
Thread model: posix
gcc version 4.2.1 (SUSE Linux)
configure:4175: $? = 0
configure:4182: gcc -V >&5
gcc: '-V' option must have argument
configure:4185: $? = 1
configure:4188: checking whether we are using the GNU C compiler
configure:4217: gcc -c   conftest.c >&5
configure:4223: $? = 0
configure:4240: result: yes
configure:4245: checking whether gcc accepts -g
configure:4275: gcc -c -g  conftest.c >&5
configure:4281: $? = 0
configure:4380: result: yes
configure:4397: checking for gcc option to accept ISO C89
configure:4471: gcc  -c -g -O2  conftest.c >&5
configure:4477: $? = 0
configure:4500: result: none needed
configure:4520: checking dependency style of gcc
configure:4611: result: gcc3
configure:4631: checking how to run the C preprocessor
configure:4671: gcc -E  conftest.c
configure:4677: $? = 0
configure:4708: gcc -E  conftest.c
conftest.c:10:28: error: ac_nonexistent.h: No such file or directory
configure:4714: $? = 1
configure: failed program was:
| /* confdefs.h.  */
| #define PACKAGE_NAME "yast2-gtk"
| #define PACKAGE_TARNAME "yast2-gtk"
| #define PACKAGE_VERSION "2.15.9"
| #define PACKAGE_STRING "yast2-gtk 2.15.9"
| #define PACKAGE_BUGREPORT "http://bugs.opensuse.org/"
| #define PACKAGE "yast2-gtk"
| #define VERSION "2.15.9"
| /* end confdefs.h.  */
| #include <ac_nonexistent.h>
configure:4747: result: gcc -E
configure:4776: gcc -E  conftest.c
configure:4782: $? = 0
configure:4813: gcc -E  conftest.c
conftest.c:10:28: error: ac_nonexistent.h: No such file or directory
configure:4819: $? = 1
configure: failed program was:
| /* confdefs.h.  */
| #define PACKAGE_NAME "yast2-gtk"
| #define PACKAGE_TARNAME "yast2-gtk"
| #define PACKAGE_VERSION "2.15.9"
| #define PACKAGE_STRING "yast2-gtk 2.15.9"
| #define PACKAGE_BUGREPORT "http://bugs.opensuse.org/"
| #define PACKAGE "yast2-gtk"
| #define VERSION "2.15.9"
| /* end confdefs.h.  */
| #include <ac_nonexistent.h>
configure:4936: checking for a sed that does not truncate output
configure:4992: result: /usr/bin/sed
configure:4995: checking for grep that handles long lines and -e
configure:5069: result: /usr/bin/grep
configure:5074: checking for egrep
configure:5152: result: /usr/bin/grep -E
configure:5168: checking for ld used by gcc
configure:5235: result: /usr/i586-suse-linux/bin/ld
configure:5244: checking if the linker (/usr/i586-suse-linux/bin/ld) is GNU ld
configure:5259: result: yes
configure:5264: checking for /usr/i586-suse-linux/bin/ld option to reload object files
configure:5271: result: -r
configure:5289: checking for BSD-compatible nm
configure:5338: result: /usr/bin/nm -B
configure:5342: checking how to recognize dependent libraries
configure:5528: result: pass_all
configure:5765: checking for ANSI C header files
configure:5795: gcc -c -g -O2 -Wall -Wformat=2 -Wmissing-prototypes  conftest.c >&5
configure:5801: $? = 0
configure:5900: gcc -o conftest -g -O2 -Wall -Wformat=2 -Wmissing-prototypes   conftest.c  >&5
configure:5903: $? = 0
configure:5909: ./conftest
configure:5912: $? = 0
configure:5929: result: yes
configure:5953: checking for sys/types.h
configure:5974: gcc -c -g -O2 -Wall -Wformat=2 -Wmissing-prototypes  conftest.c >&5
configure:5980: $? = 0
configure:5996: result: yes
configure:5953: checking for sys/stat.h
configure:5974: gcc -c -g -O2 -Wall -Wformat=2 -Wmissing-prototypes  conftest.c >&5
configure:5980: $? = 0
configure:5996: result: yes
configure:5953: checking for stdlib.h
configure:5974: gcc -c -g -O2 -Wall -Wformat=2 -Wmissing-prototypes  conftest.c >&5
configure:5980: $? = 0
configure:5996: result: yes
configure:5953: checking for string.h
configure:5974: gcc -c -g -O2 -Wall -Wformat=2 -Wmissing-prototypes  conftest.c >&5
configure:5980: $? = 0
configure:5996: result: yes
configure:5953: checking for memory.h
configure:5974: gcc -c -g -O2 -Wall -Wformat=2 -Wmissing-prototypes  conftest.c >&5
configure:5980: $? = 0
configure:5996: result: yes
configure:5953: checking for strings.h
configure:5974: gcc -c -g -O2 -Wall -Wformat=2 -Wmissing-prototypes  conftest.c >&5
configure:5980: $? = 0
configure:5996: result: yes
configure:5953: checking for inttypes.h
configure:5974: gcc -c -g -O2 -Wall -Wformat=2 -Wmissing-prototypes  conftest.c >&5
configure:5980: $? = 0
configure:5996: result: yes
configure:5953: checking for stdint.h
configure:5974: gcc -c -g -O2 -Wall -Wformat=2 -Wmissing-prototypes  conftest.c >&5
configure:5980: $? = 0
configure:5996: result: yes
configure:5953: checking for unistd.h
configure:5974: gcc -c -g -O2 -Wall -Wformat=2 -Wmissing-prototypes  conftest.c >&5
configure:5980: $? = 0
configure:5996: result: yes
configure:6023: checking dlfcn.h usability
configure:6040: gcc -c -g -O2 -Wall -Wformat=2 -Wmissing-prototypes  conftest.c >&5
configure:6046: $? = 0
configure:6060: result: yes
configure:6064: checking dlfcn.h presence
configure:6079: gcc -E  conftest.c
configure:6085: $? = 0
configure:6099: result: yes
configure:6132: checking for dlfcn.h
configure:6140: result: yes
configure:6163: checking how to run the C++ preprocessor
configure:6199: g++ -E  conftest.cpp
configure:6205: $? = 0
configure:6236: g++ -E  conftest.cpp
conftest.cpp:21:28: error: ac_nonexistent.h: No such file or directory
configure:6242: $? = 1
configure: failed program was:
| /* confdefs.h.  */
| #define PACKAGE_NAME "yast2-gtk"
| #define PACKAGE_TARNAME "yast2-gtk"
| #define PACKAGE_VERSION "2.15.9"
| #define PACKAGE_STRING "yast2-gtk 2.15.9"
| #define PACKAGE_BUGREPORT "http://bugs.opensuse.org/"
| #define PACKAGE "yast2-gtk"
| #define VERSION "2.15.9"
| #define STDC_HEADERS 1
| #define HAVE_SYS_TYPES_H 1
| #define HAVE_SYS_STAT_H 1
| #define HAVE_STDLIB_H 1
| #define HAVE_STRING_H 1
| #define HAVE_MEMORY_H 1
| #define HAVE_STRINGS_H 1
| #define HAVE_INTTYPES_H 1
| #define HAVE_STDINT_H 1
| #define HAVE_UNISTD_H 1
| #define HAVE_DLFCN_H 1
| /* end confdefs.h.  */
| #include <ac_nonexistent.h>
configure:6275: result: g++ -E
configure:6304: g++ -E  conftest.cpp
configure:6310: $? = 0
configure:6341: g++ -E  conftest.cpp
conftest.cpp:21:28: error: ac_nonexistent.h: No such file or directory
configure:6347: $? = 1
configure: failed program was:
| /* confdefs.h.  */
| #define PACKAGE_NAME "yast2-gtk"
| #define PACKAGE_TARNAME "yast2-gtk"
| #define PACKAGE_VERSION "2.15.9"
| #define PACKAGE_STRING "yast2-gtk 2.15.9"
| #define PACKAGE_BUGREPORT "http://bugs.opensuse.org/"
| #define PACKAGE "yast2-gtk"
| #define VERSION "2.15.9"
| #define STDC_HEADERS 1
| #define HAVE_SYS_TYPES_H 1
| #define HAVE_SYS_STAT_H 1
| #define HAVE_STDLIB_H 1
| #define HAVE_STRING_H 1
| #define HAVE_MEMORY_H 1
| #define HAVE_STRINGS_H 1
| #define HAVE_INTTYPES_H 1
| #define HAVE_STDINT_H 1
| #define HAVE_UNISTD_H 1
| #define HAVE_DLFCN_H 1
| /* end confdefs.h.  */
| #include <ac_nonexistent.h>
configure:6440: checking for g77
configure:6470: result: no
configure:6440: checking for xlf
configure:6470: result: no
configure:6440: checking for f77
configure:6470: result: no
configure:6440: checking for frt
configure:6470: result: no
configure:6440: checking for pgf77
configure:6470: result: no
configure:6440: checking for cf77
configure:6470: result: no
configure:6440: checking for fort77
configure:6470: result: no
configure:6440: checking for fl32
configure:6470: result: no
configure:6440: checking for af77
configure:6470: result: no
configure:6440: checking for xlf90
configure:6470: result: no
configure:6440: checking for f90
configure:6470: result: no
configure:6440: checking for pgf90
configure:6470: result: no
configure:6440: checking for pghpf
configure:6470: result: no
configure:6440: checking for epcf90
configure:6470: result: no
configure:6440: checking for gfortran
configure:6470: result: no
configure:6440: checking for g95
configure:6470: result: no
configure:6440: checking for xlf95
configure:6470: result: no
configure:6440: checking for f95
configure:6470: result: no
configure:6440: checking for fort
configure:6470: result: no
configure:6440: checking for ifort
configure:6470: result: no
configure:6440: checking for ifc
configure:6470: result: no
configure:6440: checking for efc
configure:6470: result: no
configure:6440: checking for pgf95
configure:6470: result: no
configure:6440: checking for lf95
configure:6470: result: no
configure:6440: checking for ftn
configure:6470: result: no
configure:6497: checking for Fortran 77 compiler version
configure:6504:  --version >&5
./configure: line 6505: --version: command not found
configure:6507: $? = 127
configure:6514:  -v >&5
./configure: line 6515: -v: command not found
configure:6517: $? = 127
configure:6524:  -V >&5
./configure: line 6525: -V: command not found
configure:6527: $? = 127
configure:6535: checking whether we are using the GNU Fortran 77 compiler
configure:6554:  -c  conftest.F >&5
./configure: line 6555: -c: command not found
configure:6560: $? = 127
configure: failed program was:
|       program main
| #ifndef __GNUC__
|        choke me
| #endif
| 
|       end
configure:6577: result: no
configure:6583: checking whether  accepts -g
configure:6600:  -c -g conftest.f >&5
./configure: line 6601: -c: command not found
configure:6606: $? = 127
configure: failed program was:
|       program main
| 
|       end
configure:6622: result: no
configure:6652: checking the maximum length of command line arguments
configure:6764: result: 98304
configure:6776: checking command to parse /usr/bin/nm -B output from gcc object
configure:6881: gcc -c -g -O2 -Wall -Wformat=2 -Wmissing-prototypes  conftest.c >&5
conftest.c:5: warning: no previous prototype for 'nm_test_func'
configure:6884: $? = 0
configure:6888: /usr/bin/nm -B conftest.o \| sed -n -e 's/^.*[ 	]\([ABCDGIRSTW][ABCDGIRSTW]*\)[ 	][ 	]*\([_A-Za-z][_A-Za-z0-9]*\)$/\1 \2 \2/p' \> conftest.nm
configure:6891: $? = 0
configure:6943: gcc -o conftest -g -O2 -Wall -Wformat=2 -Wmissing-prototypes   conftest.c conftstm.o >&5
configure:6946: $? = 0
configure:6984: result: ok
configure:6988: checking for objdir
configure:7003: result: .libs
configure:7095: checking for ar
configure:7111: found /usr/bin/ar
configure:7122: result: ar
configure:7191: checking for ranlib
configure:7207: found /usr/bin/ranlib
configure:7218: result: ranlib
configure:7287: checking for strip
configure:7303: found /usr/bin/strip
configure:7314: result: strip
configure:7600: checking if gcc supports -fno-rtti -fno-exceptions
configure:7618: gcc -c -g -O2 -Wall -Wformat=2 -Wmissing-prototypes  -fno-rtti -fno-exceptions conftest.c >&5
cc1: warning: command line option "-fno-rtti" is valid for C++/ObjC++ but not for C
configure:7622: $? = 0
configure:7635: result: no
configure:7650: checking for gcc option to produce PIC
configure:7882: result: -fPIC
configure:7890: checking if gcc PIC flag -fPIC works
configure:7908: gcc -c -g -O2 -Wall -Wformat=2 -Wmissing-prototypes  -fPIC -DPIC conftest.c >&5
configure:7912: $? = 0
configure:7925: result: yes
configure:7953: checking if gcc static flag -static works
configure:7981: result: yes
configure:7991: checking if gcc supports -c -o file.o
configure:8012: gcc -c -g -O2 -Wall -Wformat=2 -Wmissing-prototypes  -o out/conftest2.o conftest.c >&5
configure:8016: $? = 0
configure:8038: result: yes
configure:8064: checking whether the gcc linker (/usr/i586-suse-linux/bin/ld) supports shared libraries
configure:9044: result: yes
configure:9065: checking whether -lc should be explicitly linked in
configure:9070: gcc -c -g -O2 -Wall -Wformat=2 -Wmissing-prototypes  conftest.c >&5
configure:9073: $? = 0
configure:9088: gcc -shared conftest.o  -v -Wl,-soname -Wl,conftest -o conftest 2\>\&1 \| grep  -lc  \>/dev/null 2\>\&1
configure:9091: $? = 0
configure:9103: result: no
configure:9111: checking dynamic linker characteristics
configure:9713: result: GNU/Linux ld.so
configure:9722: checking how to hardcode library paths into programs
configure:9747: result: immediate
configure:9761: checking whether stripping libraries is possible
configure:9766: result: yes
configure:10568: checking if libtool supports shared libraries
configure:10570: result: yes
configure:10573: checking whether to build shared libraries
configure:10594: result: yes
configure:10597: checking whether to build static libraries
configure:10601: result: no
configure:10694: creating libtool
configure:11282: checking for ld used by g++
configure:11349: result: /usr/i586-suse-linux/bin/ld
configure:11358: checking if the linker (/usr/i586-suse-linux/bin/ld) is GNU ld
configure:11373: result: yes
configure:11424: checking whether the g++ linker (/usr/i586-suse-linux/bin/ld) supports shared libraries
configure:12398: result: yes
configure:12416: g++ -c -g -O2 -Wall -Wformat=2  conftest.cpp >&5
configure:12419: $? = 0
configure:12571: checking for g++ option to produce PIC
configure:12855: result: -fPIC
configure:12863: checking if g++ PIC flag -fPIC works
configure:12881: g++ -c -g -O2 -Wall -Wformat=2  -fPIC -DPIC conftest.cpp >&5
configure:12885: $? = 0
configure:12898: result: yes
configure:12926: checking if g++ static flag -static works
configure:12954: result: yes
configure:12964: checking if g++ supports -c -o file.o
configure:12985: g++ -c -g -O2 -Wall -Wformat=2  -o out/conftest2.o conftest.cpp >&5
configure:12989: $? = 0
configure:13011: result: yes
configure:13037: checking whether the g++ linker (/usr/i586-suse-linux/bin/ld) supports shared libraries
configure:13062: result: yes
configure:13129: checking dynamic linker characteristics
configure:13679: result: GNU/Linux ld.so
configure:13688: checking how to hardcode library paths into programs
configure:13713: result: immediate
configure:19889: checking for working alloca.h
configure:19916: gcc -o conftest -g -O2 -Wall -Wformat=2 -Wmissing-prototypes   conftest.c  >&5
configure:19922: $? = 0
configure:19939: result: yes
configure:19949: checking for alloca
configure:19996: gcc -o conftest -g -O2 -Wall -Wformat=2 -Wmissing-prototypes   conftest.c  >&5
configure:20002: $? = 0
configure:20019: result: yes
configure:20246: checking for ANSI C header files
configure:20410: result: yes
configure:20426: checking for pkg-config
configure:20444: found /usr/bin/pkg-config
configure:20456: result: /usr/bin/pkg-config
configure:20480: checking for working alloca.h
configure:20530: result: yes
configure:20540: checking for alloca
configure:20610: result: yes
configure:20837: checking for ANSI C header files
configure:21001: result: yes
configure:21012: checking for zypp 3
configure:21023: result: found
configure:21135: checking pkg-config is at least version 0.9.0
configure:21138: result: yes
configure:21149: checking for ZYPP
configure:21157: $PKG_CONFIG --exists --print-errors "libzypp "
configure:21160: $? = 0
configure:21175: $PKG_CONFIG --exists --print-errors "libzypp "
configure:21178: $? = 0
configure:21254: result: yes
configure:21262: checking for GTK
configure:21270: $PKG_CONFIG --exists --print-errors "gtk+-2.0 glib-2.0 gthread-2.0 gobject-2.0 "
configure:21273: $? = 0
configure:21288: $PKG_CONFIG --exists --print-errors "gtk+-2.0 glib-2.0 gthread-2.0 gobject-2.0 "
configure:21291: $? = 0
configure:21367: result: yes
configure:21384: checking for ZYPP
configure:21489: result: yes
configure:21503: checking for old libyui
configure:21511: result: use new lib
configure:21653: creating ./config.status

## ---------------------- ##
## Running config.status. ##
## ---------------------- ##

This file was extended by yast2-gtk config.status 2.15.9, which was
generated by GNU Autoconf 2.61.  Invocation command line was

  CONFIG_FILES    = 
  CONFIG_HEADERS  = 
  CONFIG_LINKS    = 
  CONFIG_COMMANDS = 
  $ ./config.status 

on adelia

config.status:709: creating Makefile
config.status:709: creating src/Makefile
config.status:709: creating config.h
config.status:989: executing depfiles commands

## ---------------- ##
## Cache variables. ##
## ---------------- ##

ac_cv_build=i686-suse-linux-gnu
ac_cv_c_compiler_gnu=yes
ac_cv_cxx_compiler_gnu=yes
ac_cv_env_CCC_set=
ac_cv_env_CCC_value=
ac_cv_env_CC_set=
ac_cv_env_CC_value=
ac_cv_env_CFLAGS_set=
ac_cv_env_CFLAGS_value=
ac_cv_env_CPPFLAGS_set=
ac_cv_env_CPPFLAGS_value=
ac_cv_env_CPP_set=
ac_cv_env_CPP_value=
ac_cv_env_CXXCPP_set=
ac_cv_env_CXXCPP_value=
ac_cv_env_CXXFLAGS_set=
ac_cv_env_CXXFLAGS_value=
ac_cv_env_CXX_set=
ac_cv_env_CXX_value=
ac_cv_env_F77_set=
ac_cv_env_F77_value=
ac_cv_env_FFLAGS_set=
ac_cv_env_FFLAGS_value=
ac_cv_env_GTK_CFLAGS_set=
ac_cv_env_GTK_CFLAGS_value=
ac_cv_env_GTK_LIBS_set=
ac_cv_env_GTK_LIBS_value=
ac_cv_env_LDFLAGS_set=
ac_cv_env_LDFLAGS_value=
ac_cv_env_LIBS_set=
ac_cv_env_LIBS_value=
ac_cv_env_PKG_CONFIG_PATH_set=
ac_cv_env_PKG_CONFIG_PATH_value=
ac_cv_env_PKG_CONFIG_set=
ac_cv_env_PKG_CONFIG_value=
ac_cv_env_ZYPP_CFLAGS_set=
ac_cv_env_ZYPP_CFLAGS_value=
ac_cv_env_ZYPP_LIBS_set=
ac_cv_env_ZYPP_LIBS_value=
ac_cv_env_build_alias_set=
ac_cv_env_build_alias_value=
ac_cv_env_host_alias_set=
ac_cv_env_host_alias_value=
ac_cv_env_target_alias_set=
ac_cv_env_target_alias_value=
ac_cv_f77_compiler_gnu=no
ac_cv_func_alloca_works=yes
ac_cv_header_dlfcn_h=yes
ac_cv_header_inttypes_h=yes
ac_cv_header_memory_h=yes
ac_cv_header_stdc=yes
ac_cv_header_stdint_h=yes
ac_cv_header_stdlib_h=yes
ac_cv_header_string_h=yes
ac_cv_header_strings_h=yes
ac_cv_header_sys_stat_h=yes
ac_cv_header_sys_types_h=yes
ac_cv_header_unistd_h=yes
ac_cv_host=i686-suse-linux-gnu
ac_cv_objext=o
ac_cv_path_EGREP='/usr/bin/grep -E'
ac_cv_path_GREP=/usr/bin/grep
ac_cv_path_PKG_CONFIG=/usr/bin/pkg-config
ac_cv_path_XGETTEXT=/usr/bin/xgettext
ac_cv_path_YDOXYGEN=/usr/lib/YaST2/bin/ydoxygen
ac_cv_path_install='/usr/bin/install -c'
ac_cv_path_mkdir=/bin/mkdir
ac_cv_prog_AWK=gawk
ac_cv_prog_CPP='gcc -E'
ac_cv_prog_CXXCPP='g++ -E'
ac_cv_prog_ac_ct_AR=ar
ac_cv_prog_ac_ct_CC=gcc
ac_cv_prog_ac_ct_CXX=g++
ac_cv_prog_ac_ct_RANLIB=ranlib
ac_cv_prog_ac_ct_STRIP=strip
ac_cv_prog_cc_c89=
ac_cv_prog_cc_g=yes
ac_cv_prog_cxx_g=yes
ac_cv_prog_f77_g=no
ac_cv_prog_make_make_set=yes
ac_cv_target=i686-suse-linux-gnu
ac_cv_working_alloca_h=yes
am_cv_CC_dependencies_compiler_type=gcc3
am_cv_CXX_dependencies_compiler_type=gcc3
am_cv_prog_tar_ustar=gnutar
lt_cv_deplibs_check_method=pass_all
lt_cv_file_magic_cmd='$MAGIC_CMD'
lt_cv_file_magic_test_file=
lt_cv_ld_reload_flag=-r
lt_cv_objdir=.libs
lt_cv_path_LD=/usr/i586-suse-linux/bin/ld
lt_cv_path_LDCXX=/usr/i586-suse-linux/bin/ld
lt_cv_path_NM='/usr/bin/nm -B'
lt_cv_path_SED=/usr/bin/sed
lt_cv_prog_compiler_c_o=yes
lt_cv_prog_compiler_c_o_CXX=yes
lt_cv_prog_compiler_rtti_exceptions=no
lt_cv_prog_gnu_ld=yes
lt_cv_prog_gnu_ldcxx=yes
lt_cv_sys_global_symbol_pipe='sed -n -e '\''s/^.*[ 	]\([ABCDGIRSTW][ABCDGIRSTW]*\)[ 	][ 	]*\([_A-Za-z][_A-Za-z0-9]*\)$/\1 \2 \2/p'\'''
lt_cv_sys_global_symbol_to_c_name_address='sed -n -e '\''s/^: \([^ ]*\) $/  {\"\1\", (lt_ptr) 0},/p'\'' -e '\''s/^[BCDEGRST] \([^ ]*\) \([^ ]*\)$/  {"\2", (lt_ptr) \&\2},/p'\'''
lt_cv_sys_global_symbol_to_cdecl='sed -n -e '\''s/^. .* \(.*\)$/extern int \1;/p'\'''
lt_cv_sys_max_cmd_len=98304
lt_lt_cv_prog_compiler_c_o='"yes"'
lt_lt_cv_prog_compiler_c_o_CXX='"yes"'
lt_lt_cv_sys_global_symbol_pipe='"sed -n -e '\''s/^.*[ 	]\\([ABCDGIRSTW][ABCDGIRSTW]*\\)[ 	][ 	]*\\([_A-Za-z][_A-Za-z0-9]*\\)\$/\\1 \\2 \\2/p'\''"'
lt_lt_cv_sys_global_symbol_to_c_name_address='"sed -n -e '\''s/^: \\([^ ]*\\) \$/  {\\\"\\1\\\", (lt_ptr) 0},/p'\'' -e '\''s/^[BCDEGRST] \\([^ ]*\\) \\([^ ]*\\)\$/  {\"\\2\", (lt_ptr) \\&\\2},/p'\''"'
lt_lt_cv_sys_global_symbol_to_cdecl='"sed -n -e '\''s/^. .* \\(.*\\)\$/extern int \\1;/p'\''"'
pkg_cv_GTK_CFLAGS='-pthread -I/usr/include/gtk-2.0 -I/usr/lib/gtk-2.0/include -I/usr/include/atk-1.0 -I/usr/include/cairo -I/usr/include/pango-1.0 -I/usr/include/glib-2.0 -I/usr/lib/glib-2.0/include -I/usr/include/freetype2 -I/usr/include/libpng12  '
pkg_cv_GTK_LIBS='-pthread -lgtk-x11-2.0 -lgdk-x11-2.0 -latk-1.0 -lgdk_pixbuf-2.0 -lpangocairo-1.0 -lpango-1.0 -lcairo -lgmodule-2.0 -ldl -lgthread-2.0 -lrt -lgobject-2.0 -lglib-2.0  '
pkg_cv_ZYPP_CFLAGS=' '
pkg_cv_ZYPP_LIBS='-lzypp  '

## ----------------- ##
## Output variables. ##
## ----------------- ##

ACLOCAL='${SHELL} /home/rick2/Documents/yast/gtk/unstable/missing --run aclocal-1.10'
AGENT_LIBADD='-L$(libdir) -lscr'
ALLOCA=''
AMDEPBACKSLASH='\'
AMDEP_FALSE='#'
AMDEP_TRUE=''
AMTAR='${SHELL} /home/rick2/Documents/yast/gtk/unstable/missing --run tar'
AR='ar'
AUTOCONF='${SHELL} /home/rick2/Documents/yast/gtk/unstable/missing --run autoconf'
AUTOHEADER='${SHELL} /home/rick2/Documents/yast/gtk/unstable/missing --run autoheader'
AUTOMAKE='${SHELL} /home/rick2/Documents/yast/gtk/unstable/missing --run automake-1.10'
AWK='gawk'
CC='gcc'
CCDEPMODE='depmode=gcc3'
CFLAGS='-g -O2 -Wall -Wformat=2 -Wmissing-prototypes'
CPP='gcc -E'
CPPFLAGS=''
CREATE_PKGCONFIG_FALSE=''
CREATE_PKGCONFIG_NOARCH_FALSE=''
CREATE_PKGCONFIG_NOARCH_TRUE='#'
CREATE_PKGCONFIG_TRUE='#'
CXX='g++'
CXXCPP='g++ -E'
CXXDEPMODE='depmode=gcc3'
CXXFLAGS='-g -O2 -Wall -Wformat=2'
CYGPATH_W='echo'
DEFS='-DHAVE_CONFIG_H'
DEPDIR='.deps'
ECHO='echo'
ECHO_C=''
ECHO_N='-n'
ECHO_T=''
EGREP='/usr/bin/grep -E'
EXEEXT=''
F77=''
FFLAGS=''
GREP='/usr/bin/grep'
GTK_CFLAGS='-pthread -I/usr/include/gtk-2.0 -I/usr/lib/gtk-2.0/include -I/usr/include/atk-1.0 -I/usr/include/cairo -I/usr/include/pango-1.0 -I/usr/include/glib-2.0 -I/usr/lib/glib-2.0/include -I/usr/include/freetype2 -I/usr/include/libpng12  '
GTK_LIBS='-pthread -lgtk-x11-2.0 -lgdk-x11-2.0 -latk-1.0 -lgdk_pixbuf-2.0 -lpangocairo-1.0 -lpango-1.0 -lcairo -lgmodule-2.0 -ldl -lgthread-2.0 -lrt -lgobject-2.0 -lglib-2.0  '
INSTALL_DATA='${INSTALL} -m 644'
INSTALL_PROGRAM='${INSTALL}'
INSTALL_SCRIPT='${INSTALL}'
INSTALL_STRIP_PROGRAM='$(install_sh) -c -s'
LDFLAGS=''
LIBOBJS=''
LIBS=''
LIBTOOL='$(SHELL) $(top_builddir)/libtool'
LN_S='ln -s'
LTLIBOBJS=''
MAINTAINER='Ricardo Cruz  <rpmcruz@alunos.dcc.fc.up.pt>   Michael Meeks <michael.meeks@novell.com>'
MAKEINFO='${SHELL} /home/rick2/Documents/yast/gtk/unstable/missing --run makeinfo'
OBJEXT='o'
PACKAGE='yast2-gtk'
PACKAGE_BUGREPORT='http://bugs.opensuse.org/'
PACKAGE_NAME='yast2-gtk'
PACKAGE_STRING='yast2-gtk 2.15.9'
PACKAGE_TARNAME='yast2-gtk'
PACKAGE_VERSION='2.15.9'
PATH_SEPARATOR=':'
PKG_CONFIG='/usr/bin/pkg-config'
PKG_CONFIG_PATH=''
PYUI_LIBS='-lpy2UI'
RANLIB='ranlib'
RPMNAME='yast2-gtk'
SED='/usr/bin/sed'
SET_MAKE=''
SHELL='/bin/sh'
STRIP='strip'
STYLESHEET_CSS='/usr/share/YaST2/data/docbook/css/yast2docs.css'
STYLESHEET_HTML='/usr/share/YaST2/data/docbook/stylesheets/customize-html.xsl'
STYLESHEET_PDF='/usr/share/YaST2/data/docbook/stylesheets/customize-fo.xsl'
STYLESHEET_YCPDOC='/usr/share/YaST2/data/docbook/stylesheets/ycpdoc.xsl'
STYLESHEET_YDOC='/usr/share/YaST2/data/docbook/stylesheets/ydoc.xsl'
VERSION='2.15.9'
XGETTEXT='/usr/bin/xgettext'
Y2DEVTOOLS_PREFIX='/usr'
YDOXYGEN='/usr/lib/YaST2/bin/ydoxygen'
ZYPP_CFLAGS=' '
ZYPP_LIBS='-lzypp  '
ac_ct_CC='gcc'
ac_ct_CXX='g++'
ac_ct_F77=''
agentdir='${prefix}/lib/YaST2/servers_non_y2'
am__fastdepCC_FALSE='#'
am__fastdepCC_TRUE=''
am__fastdepCXX_FALSE='#'
am__fastdepCXX_TRUE=''
am__include='include'
am__isrc=''
am__leading_dot='.'
am__quote=''
am__tar='tar --format=ustar -chf - "$$tardir"'
am__untar='tar -xf -'
bindir='${exec_prefix}/bin'
build='i686-suse-linux-gnu'
build_alias=''
build_cpu='i686'
build_os='linux-gnu'
build_vendor='suse'
clientdir='${prefix}/share/YaST2/clients'
datadir='${datarootdir}'
datarootdir='${prefix}/share'
desktopdir='${prefix}/share/applications/YaST2'
docdir='${prefix}/share/doc/packages/yast2-gtk'
dvidir='${docdir}'
exec_prefix='${prefix}'
execcompdir='${prefix}/lib/YaST2'
fillupdir='/var/adm/fillup-templates'
host='i686-suse-linux-gnu'
host_alias=''
host_cpu='i686'
host_os='linux-gnu'
host_vendor='suse'
htmldir='${docdir}'
imagedir='${prefix}/share/YaST2/images'
includedir='${prefix}/include/YaST2'
infodir='${datarootdir}/info'
install_sh='$(SHELL) /home/rick2/Documents/yast/gtk/unstable/install-sh'
libdir='/usr/lib'
libexecdir='${exec_prefix}/libexec'
localedir='${prefix}/share/YaST2/locale'
localstatedir='${prefix}/var'
mandir='${prefix}/share/man'
mkdir_p='/bin/mkdir -p'
moduledir='${prefix}/share/YaST2/modules'
oldincludedir='/usr/include'
pdfdir='${docdir}'
pkgconfigdatadir='${datadir}/pkgconfig'
pkgconfigdir='${libdir}/pkgconfig'
plugindir='${libdir}/YaST2/plugin'
potdir='${docdir}/pot'
prefix='/usr'
program_transform_name='s,x,x,'
psdir='${docdir}'
sbindir='${exec_prefix}/sbin'
schemadir='${prefix}/share/YaST2/schema'
scrconfdir='${prefix}/share/YaST2/scrconf'
sharedstatedir='${prefix}/com'
sysconfdir='${prefix}/etc'
target='i686-suse-linux-gnu'
target_alias=''
target_cpu='i686'
target_os='linux-gnu'
target_vendor='suse'
themedir='${prefix}/share/YaST2/theme'
yast2dir='${prefix}/share/YaST2'
ybindir='${prefix}/lib/YaST2/bin'
ydatadir='${prefix}/share/YaST2/data'
yncludedir='${prefix}/share/YaST2/include'
ystartupdir='${prefix}/lib/YaST2'

## ----------- ##
## confdefs.h. ##
## ----------- ##

#define PACKAGE_NAME "yast2-gtk"
#define PACKAGE_TARNAME "yast2-gtk"
#define PACKAGE_VERSION "2.15.9"
#define PACKAGE_STRING "yast2-gtk 2.15.9"
#define PACKAGE_BUGREPORT "http://bugs.opensuse.org/"
#define PACKAGE "yast2-gtk"
#define VERSION "2.15.9"
#define STDC_HEADERS 1
#define HAVE_SYS_TYPES_H 1
#define HAVE_SYS_STAT_H 1
#define HAVE_STDLIB_H 1
#define HAVE_STRING_H 1
#define HAVE_MEMORY_H 1
#define HAVE_STRINGS_H 1
#define HAVE_INTTYPES_H 1
#define HAVE_STDINT_H 1
#define HAVE_UNISTD_H 1
#define HAVE_DLFCN_H 1
#define HAVE_ALLOCA_H 1
#define HAVE_ALLOCA 1
#define STDC_HEADERS 1
#define HAVE_ALLOCA_H 1
#define HAVE_ALLOCA 1
#define STDC_HEADERS 1
#define YAST2_VERSION 2015012

configure: exit 0

## ---------------------- ##
## Running config.status. ##
## ---------------------- ##

This file was extended by yast2-gtk config.status 2.15.9, which was
generated by GNU Autoconf 2.61.  Invocation command line was

  CONFIG_FILES    = 
  CONFIG_HEADERS  = 
  CONFIG_LINKS    = 
  CONFIG_COMMANDS = 
  $ ./config.status src/Makefile depfiles

on adelia

config.status:709: creating src/Makefile
config.status:989: executing depfiles commands

## ---------------------- ##
## Running config.status. ##
## ---------------------- ##

This file was extended by yast2-gtk config.status 2.15.9, which was
generated by GNU Autoconf 2.61.  Invocation command line was

  CONFIG_FILES    = 
  CONFIG_HEADERS  = 
  CONFIG_LINKS    = 
  CONFIG_COMMANDS = 
  $ ./config.status src/Makefile depfiles

on adelia

config.status:709: creating src/Makefile
config.status:989: executing depfiles commands

## ---------------------- ##
## Running config.status. ##
## ---------------------- ##

This file was extended by yast2-gtk config.status 2.15.9, which was
generated by GNU Autoconf 2.61.  Invocation command line was

  CONFIG_FILES    = 
  CONFIG_HEADERS  = 
  CONFIG_LINKS    = 
  CONFIG_COMMANDS = 
  $ ./config.status src/Makefile depfiles

on adelia

config.status:709: creating src/Makefile
config.status:989: executing depfiles commands

## ---------------------- ##
## Running config.status. ##
## ---------------------- ##

This file was extended by yast2-gtk config.status 2.15.9, which was
generated by GNU Autoconf 2.61.  Invocation command line was

  CONFIG_FILES    = 
  CONFIG_HEADERS  = 
  CONFIG_LINKS    = 
  CONFIG_COMMANDS = 
  $ ./config.status src/Makefile depfiles

on adelia

config.status:709: creating src/Makefile
config.status:989: executing depfiles commands
